<?xml version="1.0" encoding="UTF-8"?>
<testng-results total="6" passed="6" failed="0" skipped="0">
  <reporter-output>
  </reporter-output>
  <suite started-at="2020-08-29T00:33:23Z" name="Suite" finished-at="2020-08-29T00:33:58Z" duration-ms="35322">
    <groups>
    </groups>
    <test started-at="2020-08-29T00:33:23Z" name="ValidateNavigationBar" finished-at="2020-08-29T00:33:47Z" duration-ms="23629">
      <class name="Academy.E2EProject.ValidateNavigationBar">
        <test-method is-config="true" signature="StartUp()[pri:0, instance:Academy.E2EProject.ValidateNavigationBar@6e9a5ed8]" started-at="2020-08-28T20:33:23Z" name="StartUp" finished-at="2020-08-28T20:33:41Z" duration-ms="17624" status="PASS">
          <reporter-output>
          </reporter-output>
        </test-method> <!-- StartUp -->
        <test-method signature="basePageNavigation()[pri:0, instance:Academy.E2EProject.ValidateNavigationBar@6e9a5ed8]" started-at="2020-08-28T20:33:41Z" name="basePageNavigation" finished-at="2020-08-28T20:33:42Z" duration-ms="1106" status="PASS">
          <reporter-output>
          </reporter-output>
        </test-method> <!-- basePageNavigation -->
        <test-method is-config="true" signature="tearDown()[pri:0, instance:Academy.E2EProject.ValidateNavigationBar@6e9a5ed8]" started-at="2020-08-28T20:33:42Z" name="tearDown" finished-at="2020-08-28T20:33:47Z" duration-ms="4889" status="PASS">
          <reporter-output>
          </reporter-output>
        </test-method> <!-- tearDown -->
      </class> <!-- Academy.E2EProject.ValidateNavigationBar -->
    </test> <!-- ValidateNavigationBar -->
    <test started-at="2020-08-29T00:33:23Z" name="ValidateTitle" finished-at="2020-08-29T00:33:47Z" duration-ms="24256">
      <class name="Academy.E2EProject.ValidateTitle">
        <test-method is-config="true" signature="StartUp()[pri:0, instance:Academy.E2EProject.ValidateTitle@7c37508a]" started-at="2020-08-28T20:33:23Z" name="StartUp" finished-at="2020-08-28T20:33:42Z" duration-ms="18898" status="PASS">
          <reporter-output>
          </reporter-output>
        </test-method> <!-- StartUp -->
        <test-method signature="basePageNavigation()[pri:0, instance:Academy.E2EProject.ValidateTitle@7c37508a]" started-at="2020-08-28T20:33:42Z" name="basePageNavigation" finished-at="2020-08-28T20:33:42Z" duration-ms="344" status="PASS">
          <reporter-output>
          </reporter-output>
        </test-method> <!-- basePageNavigation -->
        <test-method is-config="true" signature="tearDown()[pri:0, instance:Academy.E2EProject.ValidateTitle@7c37508a]" started-at="2020-08-28T20:33:42Z" name="tearDown" finished-at="2020-08-28T20:33:47Z" duration-ms="5009" status="PASS">
          <reporter-output>
          </reporter-output>
        </test-method> <!-- tearDown -->
      </class> <!-- Academy.E2EProject.ValidateTitle -->
    </test> <!-- ValidateTitle -->
    <test started-at="2020-08-29T00:33:23Z" name="Validate HomePage" finished-at="2020-08-29T00:33:53Z" duration-ms="30262">
      <class name="Academy.E2EProject.HomePage">
        <test-method is-config="true" signature="StartUp()[pri:0, instance:Academy.E2EProject.HomePage@606e4010]" started-at="2020-08-28T20:33:23Z" name="StartUp" finished-at="2020-08-28T20:33:29Z" duration-ms="5404" status="PASS">
          <reporter-output>
          </reporter-output>
        </test-method> <!-- StartUp -->
        <test-method signature="basePageNavigation(java.lang.String, java.lang.String, java.lang.String)[pri:0, instance:Academy.E2EProject.HomePage@606e4010]" started-at="2020-08-28T20:33:29Z" name="basePageNavigation" data-provider="getData" finished-at="2020-08-28T20:33:45Z" duration-ms="16713" status="PASS">
          <params>
            <param index="0">
              <value>
                <![CDATA[nonrestricteduser@qa.com]]>
              </value>
            </param>
            <param index="1">
              <value>
                <![CDATA[Testpassword]]>
              </value>
            </param>
            <param index="2">
              <value>
                <![CDATA[Restricted User]]>
              </value>
            </param>
          </params>
          <reporter-output>
          </reporter-output>
        </test-method> <!-- basePageNavigation -->
        <test-method signature="basePageNavigation(java.lang.String, java.lang.String, java.lang.String)[pri:0, instance:Academy.E2EProject.HomePage@606e4010]" started-at="2020-08-28T20:33:45Z" name="basePageNavigation" data-provider="getData" finished-at="2020-08-28T20:33:53Z" duration-ms="7916" status="PASS">
          <params>
            <param index="0">
              <value>
                <![CDATA[restricteduser@qa.com]]>
              </value>
            </param>
            <param index="1">
              <value>
                <![CDATA[Testpassword]]>
              </value>
            </param>
            <param index="2">
              <value>
                <![CDATA[Non Restricted User]]>
              </value>
            </param>
          </params>
          <reporter-output>
          </reporter-output>
        </test-method> <!-- basePageNavigation -->
        <test-method is-config="true" signature="tearDown()[pri:0, instance:Academy.E2EProject.HomePage@606e4010]" started-at="2020-08-28T20:33:53Z" name="tearDown" finished-at="2020-08-28T20:33:53Z" duration-ms="207" status="PASS">
          <reporter-output>
          </reporter-output>
        </test-method> <!-- tearDown -->
      </class> <!-- Academy.E2EProject.HomePage -->
    </test> <!-- Validate HomePage -->
    <test started-at="2020-08-29T00:33:23Z" name="ValidateContactForm" finished-at="2020-08-29T00:33:58Z" duration-ms="35135">
      <class name="Academy.E2EProject.ValidateContactForm">
        <test-method is-config="true" signature="StartUp()[pri:0, instance:Academy.E2EProject.ValidateContactForm@183ec003]" started-at="2020-08-28T20:33:23Z" name="StartUp" finished-at="2020-08-28T20:33:44Z" duration-ms="20928" status="PASS">
          <reporter-output>
          </reporter-output>
        </test-method> <!-- StartUp -->
        <test-method signature="validateContact()[pri:0, instance:Academy.E2EProject.ValidateContactForm@183ec003]" started-at="2020-08-28T20:33:44Z" name="validateContact" finished-at="2020-08-28T20:33:54Z" duration-ms="9829" status="PASS">
          <reporter-output>
          </reporter-output>
        </test-method> <!-- validateContact -->
        <test-method is-config="true" signature="tearDown()[pri:0, instance:Academy.E2EProject.ValidateContactForm@183ec003]" started-at="2020-08-28T20:33:54Z" name="tearDown" finished-at="2020-08-28T20:33:58Z" duration-ms="4373" status="PASS">
          <reporter-output>
          </reporter-output>
        </test-method> <!-- tearDown -->
      </class> <!-- Academy.E2EProject.ValidateContactForm -->
    </test> <!-- ValidateContactForm -->
    <test started-at="2020-08-29T00:33:23Z" name="ValidatePractice" finished-at="2020-08-29T00:33:58Z" duration-ms="35322">
      <class name="Academy.E2EProject.ValidatePractice">
        <test-method is-config="true" signature="StartUp()[pri:0, instance:Academy.E2EProject.ValidatePractice@24569dba]" started-at="2020-08-28T20:33:23Z" name="StartUp" finished-at="2020-08-28T20:33:44Z" duration-ms="20396" status="PASS">
          <reporter-output>
          </reporter-output>
        </test-method> <!-- StartUp -->
        <test-method signature="validatePracticePage()[pri:0, instance:Academy.E2EProject.ValidatePractice@24569dba]" started-at="2020-08-28T20:33:44Z" name="validatePracticePage" finished-at="2020-08-28T20:33:58Z" duration-ms="14107" status="PASS">
          <reporter-output>
          </reporter-output>
        </test-method> <!-- validatePracticePage -->
        <test-method is-config="true" signature="tearDown()[pri:0, instance:Academy.E2EProject.ValidatePractice@24569dba]" started-at="2020-08-28T20:33:58Z" name="tearDown" finished-at="2020-08-28T20:33:58Z" duration-ms="812" status="PASS">
          <reporter-output>
          </reporter-output>
        </test-method> <!-- tearDown -->
      </class> <!-- Academy.E2EProject.ValidatePractice -->
    </test> <!-- ValidatePractice -->
  </suite> <!-- Suite -->
</testng-results>
