<?xml version="1.0" encoding="UTF-8"?>
<testsuite xmlns:xsi="http://www.w3.org/2001/XMLSchema-instance" xsi:noNamespaceSchemaLocation="https://maven.apache.org/surefire/maven-surefire-plugin/xsd/surefire-test-report-3.0.xsd" version="3.0" name="TestSuite" time="36.389" tests="6" errors="0" skipped="0" failures="0">
  <properties>
[...]
</properties>
  <testcase name="basePageNavigation" classname="Academy.E2EProject.ValidateNavigationBar" time="1.111">
    <system-err><![CDATA[ERROR StatusLogger Log4j2 could not find a logging implementation. Please add log4j-core to the classpath. Using SimpleLogger to log to the console...
SLF4J: Failed to load class "org.slf4j.impl.StaticLoggerBinder".
SLF4J: Defaulting to no-operation (NOP) logger implementation
SLF4J: See http://www.slf4j.org/codes.html#StaticLoggerBinder for further details.
Starting ChrSomteDarritvienrg  8Ch4r.o0me.41D4r7i.v30er  (8484b.30e8.6481b447c.c300a (a478eb81439e58196689b0b46cfc609a4a97ee181104a9581-9r6e9f0sb/6bfr6a9n4c9he-1h1e0aad8s-/r4e1f4s7/@b{r#a3n1c0h}-)h eoand sp/o4r1t4 71@3{#3140}5)5 o
nO nployr t l4o0c6al c6o3nn
eOcntlioyn sl oacrael  caolnlnoewcetdi.on
sP laeraes ea lsleoew ehdtt.ps
:P/l/ecahsreo mseeder ihvtetrp.sc:h/r/ocmhirumo.moerdg/risveecru.rcihtryo-mciounms.iodreg/rsaetciuornist yfo-rc onssuigdgeersattiioonnss  foonr  kseuegpginegs tCihornosm eoDnr ikveeerp iSsnagtf aeCr.htri
onmegD rCihvreorm esDarfiev.er 
84.0.4147.30 (48b3e868b4cc0aa7e8149519690b6f6949e110a8-refs/branch-heads/4147@{#310}) on port 2602
Only local connections are allowed.
Please see https://chromedriver.chromium.org/security-considerations for suggestions on keeping ChromeDriver safe.
ChromeDriver was started successfully.
ChromeDriver was started successfully.
Starting ChromeDriver 84.0.4147.30 (48b3e868b4cc0aa7e8149519690b6f6949e110a8-refs/branch-heads/4147@{#310}) on port 31006
Only local connections are allowed.
Please see htCtphsr:om/e/Dcrhirvoemre dwraisv esrtarted s.ucccherssfoumliluym..or
g/security-considerations for suggestions on keeping ChromeDriver safe.
Starting ChromeDriver 84.0.4147.30 (48b3e868b4cc0aa7e8149519690b6f6949e110a8-refs/branch-heads/4147@{#310})C hromoenD rpiovretr  3was3 7s4ta8r
tOendl y successfulocal connections are allowed.
Please see https://chromeldlryiver..chrom
ium.org/security-considerations for suggestions on keeping ChromeDriver safe.
ChromeDriver was started successfully.
Aug 28, 2020 8:33:28 PM org.openqa.selenium.remote.ProtocolHandshake createSession
INFO: Detected dialect: W3C
Aug 28, 2020 8:33:28 PM org.openqa.selenium.remote.ProtocolHandshake createSession
INFO: Detected dialect: W3C
Aug 28, 2020 8:33:28 PM org.openqa.selenium.remote.ProtocolHandshake createSession
INFO: Detected dialect: W3C
Aug 28, 2020 8:33:28 PM org.openqa.selenium.remote.ProtocolHandshake createSession
INFO: Detected dialect: W3C
Aug 28, 2020 8:33:28 PM org.openqa.selenium.remote.ProtocolHandshake createSession
INFO: Detected dialect: W3C
]]></system-err>
  </testcase>
  <testcase name="basePageNavigation" classname="Academy.E2EProject.ValidateTitle" time="0.341"/>
  <testcase name="basePageNavigation[nonrestricteduser@qa.com, Testpassword, Restricted User](1)" classname="Academy.E2EProject.HomePage" time="1.196"/>
  <testcase name="basePageNavigation[restricteduser@qa.com, Testpassword, Non Restricted User](2)" classname="Academy.E2EProject.HomePage" time="7.913"/>
  <testcase name="validateContact" classname="Academy.E2EProject.ValidateContactForm" time="8.621"/>
  <testcase name="validatePracticePage" classname="Academy.E2EProject.ValidatePractice" time="12.366"/>
</testsuite>